Arguments: 
  D:\softwareInstall\nodejs\node.exe D:\softwareInstall\nodejs\node_global\node_modules\yarn\bin\yarn.js add babel-loader @babel/core preset-env preset-react

PATH: 
  C:\Users\yaoqin\bin;D:\softwareInstall\Git\mingw64\bin;D:\softwareInstall\Git\usr\local\bin;D:\softwareInstall\Git\usr\bin;D:\softwareInstall\Git\usr\bin;D:\softwareInstall\Git\mingw64\bin;D:\softwareInstall\Git\usr\bin;C:\Users\yaoqin\bin;C:\Program Files\MySQL\MySQL Server 5.1\bin;D:\oraclexe\app\oracle\product\10.2.0\server\bin;D:\SDK\build-tools\23.0.1;D:\SDK\platform-tools;D:\SDK\tools;D:\AndroidSDK\tools;D:\AndroidSDK\platform-tools;D:\Program Files\Java\jdk1.8.0_144\bin;D:\Program Files\Java\jdk1.8.0_144\bin\jre\bin;C:\WINDOWS\system32;C:\WINDOWS;C:\WINDOWS\System32\Wbem;C:\WINDOWS\System32\WindowsPowerShell\v1.0;D:\softwareInstall\nodejs;D:\softwareInstall\nodejs\node_modules;D:\softwareInstall\nodejs\node_global;D:\softwareInstall\Git\cmd;C:\Program Files (x86)\VanDyke Software\Clients;D:\softwareInstall\apache-maven-3.3.9\bin;C:\WINDOWS\System32\OpenSSH;D:\Program Files (x86);D:\softwareInstall\gradle-4.10\bin;D:\softwareInstall\nodejs;C:\Users\yaoqin\AppData\Local\Microsoft\WindowsApps;C:\Program Files (x86)\VanDyke Software\Clients;D:\Users\yaoqin\AppData\Local\Programs\Microsoft VS Code\bin;C:\Users\yaoqin\AppData\Roaming\npm;D:\softwareInstall\Git\usr\bin\vendor_perl;D:\softwareInstall\Git\usr\bin\core_perl

Yarn version: 
  1.13.0

Node version: 
  8.10.0

Platform: 
  win32 x64

Trace: 
  Error: https://npm.elitescloud.com/preset-env: no such package available
      at Request.params.callback [as _callback] (D:\softwareInstall\nodejs\node_global\node_modules\yarn\lib\cli.js:66255:18)
      at Request.self.callback (D:\softwareInstall\nodejs\node_global\node_modules\yarn\lib\cli.js:129397:22)
      at emitTwo (events.js:126:13)
      at Request.emit (events.js:214:7)
      at Request.<anonymous> (D:\softwareInstall\nodejs\node_global\node_modules\yarn\lib\cli.js:130369:10)
      at emitOne (events.js:116:13)
      at Request.emit (events.js:211:7)
      at IncomingMessage.<anonymous> (D:\softwareInstall\nodejs\node_global\node_modules\yarn\lib\cli.js:130291:12)
      at Object.onceWrapper (events.js:313:30)
      at emitNone (events.js:111:20)

npm manifest: 
  {
    "name": "reactEnter",
    "version": "1.0.0",
    "description": "",
    "main": "index.js",
    "scripts": {
      "test": "echo \"Error: no test specified\" && exit 1"
    },
    "keywords": [],
    "author": "",
    "license": "ISC",
    "dependencies": {
      "antd": "^3.19.1",
      "react": "^16.8.6",
      "react-dom": "^16.8.6"
    }
  }

yarn manifest: 
  No manifest

Lockfile: 
  # THIS IS AN AUTOGENERATED FILE. DO NOT EDIT THIS FILE DIRECTLY.
  # yarn lockfile v1
  
  
  "@ant-design/colors@^3.1.0":
    version "3.1.0"
    resolved "https://npm.elitescloud.com/@ant-design%2fcolors/-/colors-3.1.0.tgz#b7e2cc61a4e86d3d109494034acfb1222dacaa3c"
    integrity sha1-t+LMYaTobT0QlJQDSs+xIi2sqjw=
    dependencies:
      tinycolor2 "^1.4.1"
  
  "@ant-design/create-react-context@^0.2.4":
    version "0.2.4"
    resolved "https://npm.elitescloud.com/@ant-design%2fcreate-react-context/-/create-react-context-0.2.4.tgz#0fe9adad030350c0c9bb296dd6dcf5a8a36bd425"
    integrity sha1-D+mtrQMDUMDJuylt1tz1qKNr1CU=
    dependencies:
      gud "^1.0.0"
      warning "^4.0.3"
  
  "@ant-design/icons-react@~2.0.0":
    version "2.0.1"
    resolved "https://npm.elitescloud.com/@ant-design%2ficons-react/-/icons-react-2.0.1.tgz#17a2513571ab317aca2927e58cea25dd31e536fb"
    integrity sha1-F6JRNXGrMXrKKSfljOol3THlNvs=
    dependencies:
      "@ant-design/colors" "^3.1.0"
      babel-runtime "^6.26.0"
  
  "@ant-design/icons@~2.0.0":
    version "2.0.1"
    resolved "https://npm.elitescloud.com/@ant-design%2ficons/-/icons-2.0.1.tgz#021c3f5c1df8b1d01c25b705366c597e7cbb3ca5"
    integrity sha1-Ahw/XB34sdAcJbcFNmxZfny7PKU=
  
  "@types/prop-types@*":
    version "15.7.1"
    resolved "https://npm.elitescloud.com/@types%2fprop-types/-/prop-types-15.7.1.tgz#f1a11e7babb0c3cad68100be381d1e064c68f1f6"
    integrity sha1-8aEee6uww8rWgQC+OB0eBkxo8fY=
  
  "@types/react-slick@^0.23.3":
    version "0.23.4"
    resolved "https://npm.elitescloud.com/@types%2freact-slick/-/react-slick-0.23.4.tgz#c97e2a9e7e3d1933c68593b8e82752fab1e8ce53"
    integrity sha1-yX4qnn49GTPGhZO46CdS+rHozlM=
    dependencies:
      "@types/react" "*"
  
  "@types/react@*":
    version "16.8.18"
    resolved "https://npm.elitescloud.com/@types%2freact/-/react-16.8.18.tgz#fe66fb748b0b6ca9709d38b87b2d1356d960a511"
    integrity sha1-/mb7dIsLbKlwnTi4ey0TVtlgpRE=
    dependencies:
      "@types/prop-types" "*"
      csstype "^2.2.0"
  
  add-dom-event-listener@^1.1.0:
    version "1.1.0"
    resolved "https://npm.elitescloud.com/add-dom-event-listener/-/add-dom-event-listener-1.1.0.tgz#6a92db3a0dd0abc254e095c0f1dc14acbbaae310"
    integrity sha1-apLbOg3Qq8JU4JXA8dwUrLuq4xA=
    dependencies:
      object-assign "4.x"
  
  antd@^3.19.1:
    version "3.19.1"
    resolved "https://npm.elitescloud.com/antd/-/antd-3.19.1.tgz#97d5dd8dd945105b388e1435fc15c98f3455cb97"
    integrity sha1-l9XdjdlFEFs4jhQ1/BXJjzRVy5c=
    dependencies:
      "@ant-design/create-react-context" "^0.2.4"
      "@ant-design/icons" "~2.0.0"
      "@ant-design/icons-react" "~2.0.0"
      "@types/react-slick" "^0.23.3"
      array-tree-filter "^2.1.0"
      babel-runtime "6.x"
      classnames "~2.2.6"
      copy-to-clipboard "^3.0.8"
      css-animation "^1.5.0"
      dom-closest "^0.2.0"
      enquire.js "^2.1.6"
      lodash "^4.17.11"
      moment "^2.24.0"
      omit.js "^1.0.0"
      prop-types "^15.6.2"
      raf "^3.4.0"
      rc-animate "^2.5.4"
      rc-calendar "~9.14.0"
      rc-cascader "~0.17.0"
      rc-checkbox "~2.1.5"
      rc-collapse "~1.11.1"
      rc-dialog "~7.4.0"
      rc-drawer "~1.9.3"
      rc-dropdown "~2.4.1"
      rc-editor-mention "^1.1.7"
      rc-form "^2.4.0"
      rc-input-number "~4.4.0"
      rc-mentions "~0.3.1"
      rc-menu "~7.4.12"
      rc-notification "~3.3.0"
      rc-pagination "~1.20.1"
      rc-progress "~2.3.0"
      rc-rate "~2.5.0"
      rc-select "~9.1.0"
      rc-slider "~8.6.5"
      rc-steps "~3.4.1"
      rc-switch "~1.9.0"
      rc-table "~6.5.0"
      rc-tabs "~9.6.0"
      rc-time-picker "~3.6.1"
      rc-tooltip "~3.7.3"
      rc-tree "~2.1.0"
      rc-tree-select "~2.9.1"
      rc-trigger "^2.6.2"
      rc-upload "~2.6.0"
      rc-util "^4.5.1"
      react-lazy-load "^3.0.13"
      react-lifecycles-compat "^3.0.4"
      react-slick "~0.24.0"
      resize-observer-polyfill "^1.5.0"
      shallowequal "^1.1.0"
      warning "~4.0.2"
  
  array-tree-filter@^2.1.0:
    version "2.1.0"
    resolved "https://npm.elitescloud.com/array-tree-filter/-/array-tree-filter-2.1.0.tgz#873ac00fec83749f255ac8dd083814b4f6329190"
    integrity sha1-hzrAD+yDdJ8lWsjdCDgUtPYykZA=
  
  asap@~2.0.3:
    version "2.0.6"
    resolved "https://npm.elitescloud.com/asap/-/asap-2.0.6.tgz#e50347611d7e690943208bbdafebcbc2fb866d46"
    integrity sha1-5QNHYR1+aQlDIIu9r+vLwvuGbUY=
  
  async-validator@~1.8.5:
    version "1.8.5"
    resolved "https://npm.elitescloud.com/async-validator/-/async-validator-1.8.5.tgz#dc3e08ec1fd0dddb67e60842f02c0cd1cec6d7f0"
    integrity sha1-3D4I7B/Q3dtn5ghC8CwM0c7G1/A=
    dependencies:
      babel-runtime "6.x"
  
  babel-runtime@6.x, babel-runtime@^6.23.0, babel-runtime@^6.26.0:
    version "6.26.0"
    resolved "https://npm.elitescloud.com/babel-runtime/-/babel-runtime-6.26.0.tgz#965c7058668e82b55d7bfe04ff2337bc8b5647fe"
    integrity sha1-llxwWGaOgrVde/4E/yM3vItWR/4=
    dependencies:
      core-js "^2.4.0"
      regenerator-runtime "^0.11.0"
  
  classnames@2.x, classnames@^2.2.0, classnames@^2.2.1, classnames@^2.2.3, classnames@^2.2.5, classnames@^2.2.6, classnames@~2.2.6:
    version "2.2.6"
    resolved "https://npm.elitescloud.com/classnames/-/classnames-2.2.6.tgz#43935bffdd291f326dad0a205309b38d00f650ce"
    integrity sha1-Q5Nb/90pHzJtrQogUwmzjQD2UM4=
  
  component-classes@1.x, component-classes@^1.2.5, component-classes@^1.2.6:
    version "1.2.6"
    resolved "https://npm.elitescloud.com/component-classes/-/component-classes-1.2.6.tgz#c642394c3618a4d8b0b8919efccbbd930e5cd691"
    integrity sha1-xkI5TDYYpNiwuJGe/Mu9kw5c1pE=
    dependencies:
      component-indexof "0.0.3"
  
  component-indexof@0.0.3:
    version "0.0.3"
    resolved "https://npm.elitescloud.com/component-indexof/-/component-indexof-0.0.3.tgz#11d091312239eb8f32c8f25ae9cb002ffe8d3c24"
    integrity sha1-EdCRMSI5648yyPJa6csAL/6NPCQ=
  
  copy-to-clipboard@^3.0.8:
    version "3.2.0"
    resolved "https://npm.elitescloud.com/copy-to-clipboard/-/copy-to-clipboard-3.2.0.tgz#d2724a3ccbfed89706fac8a894872c979ac74467"
    integrity sha1-0nJKPMv+2JcG+siolIcsl5rHRGc=
    dependencies:
      toggle-selection "^1.0.6"
  
  core-js@^1.0.0:
    version "1.2.7"
    resolved "https://npm.elitescloud.com/core-js/-/core-js-1.2.7.tgz#652294c14651db28fa93bd2d5ff2983a4f08c636"
    integrity sha1-ZSKUwUZR2yj6k70tX/KYOk8IxjY=
  
  core-js@^2.4.0:
    version "2.6.9"
    resolved "https://npm.elitescloud.com/core-js/-/core-js-2.6.9.tgz#6b4b214620c834152e179323727fc19741b084f2"
    integrity sha1-a0shRiDINBUuF5Mjcn/Bl0GwhPI=
  
  create-react-class@^15.5.3:
    version "15.6.3"
    resolved "https://npm.elitescloud.com/create-react-class/-/create-react-class-15.6.3.tgz#2d73237fb3f970ae6ebe011a9e66f46dbca80036"
    integrity sha1-LXMjf7P5cK5uvgEanmb0bbyoADY=
    dependencies:
      fbjs "^0.8.9"
      loose-envify "^1.3.1"
      object-assign "^4.1.1"
  
  create-react-context@0.2.2:
    version "0.2.2"
    resolved "https://npm.elitescloud.com/create-react-context/-/create-react-context-0.2.2.tgz#9836542f9aaa22868cd7d4a6f82667df38019dca"
    integrity sha1-mDZUL5qqIoaM19Sm+CZn3zgBnco=
    dependencies:
      fbjs "^0.8.0"
      gud "^1.0.0"
  
  css-animation@1.x, css-animation@^1.3.2, css-animation@^1.5.0:
    version "1.5.0"
    resolved "https://npm.elitescloud.com/css-animation/-/css-animation-1.5.0.tgz#c96b9097a5ef74a7be8480b45cc44e4ec6ca2bf5"
    integrity sha1-yWuQl6XvdKe+hIC0XMROTsbKK/U=
    dependencies:
      babel-runtime "6.x"
      component-classes "^1.2.5"
  
  csstype@^2.2.0:
    version "2.6.5"
    resolved "https://npm.elitescloud.com/csstype/-/csstype-2.6.5.tgz#1cd1dff742ebf4d7c991470ae71e12bb6751e034"
    integrity sha1-HNHf90Lr9NfJkUcK5x4Su2dR4DQ=
  
  dom-align@^1.7.0:
    version "1.8.2"
    resolved "https://npm.elitescloud.com/dom-align/-/dom-align-1.8.2.tgz#fdcd36bce25ba8d34fe3582efd57ac767df490bd"
    integrity sha1-/c02vOJbqNNP41gu/Vesdn30kL0=
  
  dom-closest@^0.2.0:
    version "0.2.0"
    resolved "https://npm.elitescloud.com/dom-closest/-/dom-closest-0.2.0.tgz#ebd9f91d1bf22e8d6f477876bbcd3ec90216c0cf"
    integrity sha1-69n5HRvyLo1vR3h2u80+yQIWwM8=
    dependencies:
      dom-matches ">=1.0.1"
  
  dom-matches@>=1.0.1:
    version "2.0.0"
    resolved "https://npm.elitescloud.com/dom-matches/-/dom-matches-2.0.0.tgz#d2728b416a87533980eb089b848d253cf23a758c"
    integrity sha1-0nKLQWqHUzmA6wibhI0lPPI6dYw=
  
  dom-scroll-into-view@1.x, dom-scroll-into-view@^1.2.0, dom-scroll-into-view@^1.2.1:
    version "1.2.1"
    resolved "https://npm.elitescloud.com/dom-scroll-into-view/-/dom-scroll-into-view-1.2.1.tgz#e8f36732dd089b0201a88d7815dc3f88e6d66c7e"
    integrity sha1-6PNnMt0ImwIBqI14Fdw/iObWbH4=
  
  draft-js@^0.10.0, draft-js@~0.10.0:
    version "0.10.5"
    resolved "https://npm.elitescloud.com/draft-js/-/draft-js-0.10.5.tgz#bfa9beb018fe0533dbb08d6675c371a6b08fa742"
    integrity sha1-v6m+sBj+BTPbsI1mdcNxprCPp0I=
    dependencies:
      fbjs "^0.8.15"
      immutable "~3.7.4"
      object-assign "^4.1.0"
  
  encoding@^0.1.11:
    version "0.1.12"
    resolved "https://npm.elitescloud.com/encoding/-/encoding-0.1.12.tgz#538b66f3ee62cd1ab51ec323829d1f9480c74beb"
    integrity sha1-U4tm8+5izRq1HsMjgp0flIDHS+s=
    dependencies:
      iconv-lite "~0.4.13"
  
  enquire.js@^2.1.6:
    version "2.1.6"
    resolved "https://npm.elitescloud.com/enquire.js/-/enquire.js-2.1.6.tgz#3e8780c9b8b835084c3f60e166dbc3c2a3c89814"
    integrity sha1-PoeAybi4NQhMP2DhZtvDwqPImBQ=
  
  eventlistener@0.0.1:
    version "0.0.1"
    resolved "https://npm.elitescloud.com/eventlistener/-/eventlistener-0.0.1.tgz#ed2baabb852227af2bcf889152c72c63ca532eb8"
    integrity sha1-7Suqu4UiJ68rz4iRUscsY8pTLrg=
  
  fbjs@^0.8.0, fbjs@^0.8.15, fbjs@^0.8.16, fbjs@^0.8.9:
    version "0.8.17"
    resolved "https://npm.elitescloud.com/fbjs/-/fbjs-0.8.17.tgz#c4d598ead6949112653d6588b01a5cdcd9f90fdd"
    integrity sha1-xNWY6taUkRJlPWWIsBpc3Nn5D90=
    dependencies:
      core-js "^1.0.0"
      isomorphic-fetch "^2.1.1"
      loose-envify "^1.0.0"
      object-assign "^4.1.0"
      promise "^7.1.1"
      setimmediate "^1.0.5"
      ua-parser-js "^0.7.18"
  
  gud@^1.0.0:
    version "1.0.0"
    resolved "https://npm.elitescloud.com/gud/-/gud-1.0.0.tgz#a489581b17e6a70beca9abe3ae57de7a499852c0"
    integrity sha1-pIlYGxfmpwvsqavjrlfeekmYUsA=
  
  hammerjs@^2.0.8:
    version "2.0.8"
    resolved "https://npm.elitescloud.com/hammerjs/-/hammerjs-2.0.8.tgz#04ef77862cff2bb79d30f7692095930222bf60f1"
    integrity sha1-BO93hiz/K7edMPdpIJWTAiK/YPE=
  
  hoist-non-react-statics@^2.3.1:
    version "2.5.5"
    resolved "https://npm.elitescloud.com/hoist-non-react-statics/-/hoist-non-react-statics-2.5.5.tgz#c5903cf409c0dfd908f388e619d86b9c1174cb47"
    integrity sha1-xZA89AnA39kI84jmGdhrnBF0y0c=
  
  hoist-non-react-statics@^3.3.0:
    version "3.3.0"
    resolved "https://npm.elitescloud.com/hoist-non-react-statics/-/hoist-non-react-statics-3.3.0.tgz#b09178f0122184fb95acf525daaecb4d8f45958b"
    integrity sha1-sJF48BIhhPuVrPUl2q7LTY9FlYs=
    dependencies:
      react-is "^16.7.0"
  
  iconv-lite@~0.4.13:
    version "0.4.24"
    resolved "https://npm.elitescloud.com/iconv-lite/-/iconv-lite-0.4.24.tgz#2022b4b25fbddc21d2f524974a474aafe733908b"
    integrity sha1-ICK0sl+93CHS9SSXSkdKr+czkIs=
    dependencies:
      safer-buffer ">= 2.1.2 < 3"
  
  immutable@^3.7.4:
    version "3.8.2"
    resolved "https://npm.elitescloud.com/immutable/-/immutable-3.8.2.tgz#c2439951455bb39913daf281376f1530e104adf3"
    integrity sha1-wkOZUUVbs5kT2vKBN28VMOEErfM=
  
  immutable@~3.7.4:
    version "3.7.6"
    resolved "https://npm.elitescloud.com/immutable/-/immutable-3.7.6.tgz#13b4d3cb12befa15482a26fe1b2ebae640071e4b"
    integrity sha1-E7TTyxK++hVIKib+Gy665kAHHks=
  
  is-stream@^1.0.1:
    version "1.1.0"
    resolved "https://npm.elitescloud.com/is-stream/-/is-stream-1.1.0.tgz#12d4a3dd4e68e0b79ceb8dbc84173ae80d91ca44"
    integrity sha1-EtSj3U5o4Lec6428hBc66A2RykQ=
  
  ismobilejs@^0.5.1:
    version "0.5.2"
    resolved "https://npm.elitescloud.com/ismobilejs/-/ismobilejs-0.5.2.tgz#e81bacf6187c532ad8348355f4fecd6e6adfdce1"
    integrity sha1-6Bus9hh8UyrYNINV9P7Nbmrf3OE=
  
  isomorphic-fetch@^2.1.1:
    version "2.2.1"
    resolved "https://npm.elitescloud.com/isomorphic-fetch/-/isomorphic-fetch-2.2.1.tgz#611ae1acf14f5e81f729507472819fe9733558a9"
    integrity sha1-YRrhrPFPXoH3KVB0coGf6XM1WKk=
    dependencies:
      node-fetch "^1.0.1"
      whatwg-fetch ">=0.10.0"
  
  "js-tokens@^3.0.0 || ^4.0.0":
    version "4.0.0"
    resolved "https://npm.elitescloud.com/js-tokens/-/js-tokens-4.0.0.tgz#19203fb59991df98e3a287050d4647cdeaf32499"
    integrity sha1-GSA/tZmR35jjoocFDUZHzerzJJk=
  
  json2mq@^0.2.0:
    version "0.2.0"
    resolved "https://npm.elitescloud.com/json2mq/-/json2mq-0.2.0.tgz#b637bd3ba9eabe122c83e9720483aeb10d2c904a"
    integrity sha1-tje9O6nqvhIsg+lyBIOusQ0skEo=
    dependencies:
      string-convert "^0.2.0"
  
  lodash._getnative@^3.0.0:
    version "3.9.1"
    resolved "https://npm.elitescloud.com/lodash._getnative/-/lodash._getnative-3.9.1.tgz#570bc7dede46d61cdcde687d65d3eecbaa3aaff5"
    integrity sha1-VwvH3t5G1hzc3mh9ZdPuy6o6r/U=
  
  lodash.debounce@^4.0.0, lodash.debounce@^4.0.8:
    version "4.0.8"
    resolved "https://npm.elitescloud.com/lodash.debounce/-/lodash.debounce-4.0.8.tgz#82d79bff30a67c4005ffd5e2515300ad9ca4d7af"
    integrity sha1-gteb/zCmfEAF/9XiUVMArZyk168=
  
  lodash.isarguments@^3.0.0:
    version "3.1.0"
    resolved "https://npm.elitescloud.com/lodash.isarguments/-/lodash.isarguments-3.1.0.tgz#2f573d85c6a24289ff00663b491c1d338ff3458a"
    integrity sha1-L1c9hcaiQon/AGY7SRwdM4/zRYo=
  
  lodash.isarray@^3.0.0:
    version "3.0.4"
    resolved "https://npm.elitescloud.com/lodash.isarray/-/lodash.isarray-3.0.4.tgz#79e4eb88c36a8122af86f844aa9bcd851b5fbb55"
    integrity sha1-eeTriMNqgSKvhvhEqpvNhRtfu1U=
  
  lodash.keys@^3.1.2:
    version "3.1.2"
    resolved "https://npm.elitescloud.com/lodash.keys/-/lodash.keys-3.1.2.tgz#4dbc0472b156be50a0b286855d1bd0b0c656098a"
    integrity sha1-TbwEcrFWvlCgsoaFXRvQsMZWCYo=
    dependencies:
      lodash._getnative "^3.0.0"
      lodash.isarguments "^3.0.0"
      lodash.isarray "^3.0.0"
  
  lodash.throttle@^4.0.0:
    version "4.1.1"
    resolved "https://npm.elitescloud.com/lodash.throttle/-/lodash.throttle-4.1.1.tgz#c23e91b710242ac70c37f1e1cda9274cc39bf2f4"
    integrity sha1-wj6RtxAkKscMN/HhzaknTMOb8vQ=
  
  lodash@^4.16.5, lodash@^4.17.11, lodash@^4.17.4, lodash@^4.17.5:
    version "4.17.11"
    resolved "https://npm.elitescloud.com/lodash/-/lodash-4.17.11.tgz#b39ea6229ef607ecd89e2c8df12536891cac9b8d"
    integrity sha1-s56mIp72B+zYniyN8SU2iRysm40=
  
  loose-envify@^1.0.0, loose-envify@^1.1.0, loose-envify@^1.3.1, loose-envify@^1.4.0:
    version "1.4.0"
    resolved "https://npm.elitescloud.com/loose-envify/-/loose-envify-1.4.0.tgz#71ee51fa7be4caec1a63839f7e682d8132d30caf"
    integrity sha1-ce5R+nvkyuwaY4OffmgtgTLTDK8=
    dependencies:
      js-tokens "^3.0.0 || ^4.0.0"
  
  mini-store@^2.0.0:
    version "2.0.0"
    resolved "https://npm.elitescloud.com/mini-store/-/mini-store-2.0.0.tgz#0843c048d6942ce55e3e78b1b67fc063022b5488"
    integrity sha1-CEPASNaULOVePnixtn/AYwIrVIg=
    dependencies:
      hoist-non-react-statics "^2.3.1"
      prop-types "^15.6.0"
      react-lifecycles-compat "^3.0.4"
      shallowequal "^1.0.2"
  
  moment@2.x, moment@^2.24.0:
    version "2.24.0"
    resolved "https://npm.elitescloud.com/moment/-/moment-2.24.0.tgz#0d055d53f5052aa653c9f6eb68bb5d12bf5c2b5b"
    integrity sha1-DQVdU/UFKqZTyfbraLtdEr9cK1s=
  
  mutationobserver-shim@^0.3.2:
    version "0.3.3"
    resolved "https://npm.elitescloud.com/mutationobserver-shim/-/mutationobserver-shim-0.3.3.tgz#65869630bc89d7bf8c9cd9cb82188cd955aacd2b"
    integrity sha1-ZYaWMLyJ17+MnNnLghiM2VWqzSs=
  
  node-fetch@^1.0.1:
    version "1.7.3"
    resolved "https://npm.elitescloud.com/node-fetch/-/node-fetch-1.7.3.tgz#980f6f72d85211a5347c6b2bc18c5b84c3eb47ef"
    integrity sha1-mA9vcthSEaU0fGsrwYxbhMPrR+8=
    dependencies:
      encoding "^0.1.11"
      is-stream "^1.0.1"
  
  object-assign@4.x, object-assign@^4.1.0, object-assign@^4.1.1:
    version "4.1.1"
    resolved "https://npm.elitescloud.com/object-assign/-/object-assign-4.1.1.tgz#2109adc7965887cfc05cbbd442cac8bfbb360863"
    integrity sha1-IQmtx5ZYh8/AXLvUQsrIv7s2CGM=
  
  omit.js@^1.0.0:
    version "1.0.2"
    resolved "https://npm.elitescloud.com/omit.js/-/omit.js-1.0.2.tgz#91a14f0eba84066dfa015bf30e474c47f30bc858"
    integrity sha1-kaFPDrqEBm36AVvzDkdMR/MLyFg=
    dependencies:
      babel-runtime "^6.23.0"
  
  performance-now@^2.1.0:
    version "2.1.0"
    resolved "https://npm.elitescloud.com/performance-now/-/performance-now-2.1.0.tgz#6309f4e0e5fa913ec1c69307ae364b4b377c9e7b"
    integrity sha1-Ywn04OX6kT7BxpMHrjZLSzd8nns=
  
  promise@^7.1.1:
    version "7.3.1"
    resolved "https://npm.elitescloud.com/promise/-/promise-7.3.1.tgz#064b72602b18f90f29192b8b1bc418ffd1ebd3bf"
    integrity sha1-BktyYCsY+Q8pGSuLG8QY/9Hr078=
    dependencies:
      asap "~2.0.3"
  
  prop-types@15.x, prop-types@^15.5.0, prop-types@^15.5.10, prop-types@^15.5.4, prop-types@^15.5.6, prop-types@^15.5.7, prop-types@^15.5.8, prop-types@^15.5.9, prop-types@^15.6.0, prop-types@^15.6.2:
    version "15.7.2"
    resolved "https://npm.elitescloud.com/prop-types/-/prop-types-15.7.2.tgz#52c41e75b8c87e72b9d9360e0206b99dcbffa6c5"
    integrity sha1-UsQedbjIfnK52TYOAga5ncv/psU=
    dependencies:
      loose-envify "^1.4.0"
      object-assign "^4.1.1"
      react-is "^16.8.1"
  
  raf@^3.4.0, raf@^3.4.1:
    version "3.4.1"
    resolved "https://npm.elitescloud.com/raf/-/raf-3.4.1.tgz#0742e99a4a6552f445d73e3ee0328af0ff1ede39"
    integrity sha1-B0LpmkplUvRF1z4+4DKK8P8e3jk=
    dependencies:
      performance-now "^2.1.0"
  
  rc-align@^2.4.0, rc-align@^2.4.1:
    version "2.4.5"
    resolved "https://npm.elitescloud.com/rc-align/-/rc-align-2.4.5.tgz#c941a586f59d1017f23a428f0b468663fb7102ab"
    integrity sha1-yUGlhvWdEBfyOkKPC0aGY/txAqs=
    dependencies:
      babel-runtime "^6.26.0"
      dom-align "^1.7.0"
      prop-types "^15.5.8"
      rc-util "^4.0.4"
  
  rc-animate@2.x, rc-animate@^2.3.0, rc-animate@^2.5.4, rc-animate@^2.6.0, rc-animate@^2.8.2:
    version "2.8.2"
    resolved "https://npm.elitescloud.com/rc-animate/-/rc-animate-2.8.2.tgz#1c517728e361745efead6dd8c3c74ecfa8e54cda"
    integrity sha1-HFF3KONhdF7+rW3Yw8dOz6jlTNo=
    dependencies:
      babel-runtime "6.x"
      classnames "^2.2.6"
      css-animation "^1.3.2"
      prop-types "15.x"
      raf "^3.4.0"
      react-lifecycles-compat "^3.0.4"
  
  rc-animate@^3.0.0-rc.1:
    version "3.0.0-rc.6"
    resolved "https://npm.elitescloud.com/rc-animate/-/rc-animate-3.0.0-rc.6.tgz#04288eefa118e0cae214536c8a903ffaac1bc3fb"
    integrity sha1-BCiO76EY4MriFFNsipA/+qwbw/s=
    dependencies:
      babel-runtime "6.x"
      classnames "^2.2.5"
      component-classes "^1.2.6"
      fbjs "^0.8.16"
      prop-types "15.x"
      raf "^3.4.0"
      rc-util "^4.5.0"
      react-lifecycles-compat "^3.0.4"
  
  rc-calendar@~9.14.0:
    version "9.14.5"
    resolved "https://npm.elitescloud.com/rc-calendar/-/rc-calendar-9.14.5.tgz#77c9d6bfec827d2e325adc770f1cef2fa2e4fc0e"
    integrity sha1-d8nWv+yCfS4yWtx3DxzvL6Lk/A4=
    dependencies:
      babel-runtime "6.x"
      classnames "2.x"
      moment "2.x"
      prop-types "^15.5.8"
      rc-trigger "^2.2.0"
      rc-util "^4.1.1"
      react-lifecycles-compat "^3.0.4"
  
  rc-cascader@~0.17.0:
    version "0.17.4"
    resolved "https://npm.elitescloud.com/rc-cascader/-/rc-cascader-0.17.4.tgz#bb38ba3ed0990bfaa5ee547467d85ecc0d152f96"
    integrity sha1-uzi6PtCZC/ql7lR0Z9hezA0VL5Y=
    dependencies:
      array-tree-filter "^2.1.0"
      prop-types "^15.5.8"
      rc-trigger "^2.2.0"
      rc-util "^4.0.4"
      react-lifecycles-compat "^3.0.4"
      shallow-equal "^1.0.0"
      warning "^4.0.1"
  
  rc-checkbox@~2.1.5:
    version "2.1.6"
    resolved "https://npm.elitescloud.com/rc-checkbox/-/rc-checkbox-2.1.6.tgz#5dc00653e5277018c431fec55e38b91c1f976e90"
    integrity sha1-XcAGU+UncBjEMf7FXji5HB+XbpA=
    dependencies:
      babel-runtime "^6.23.0"
      classnames "2.x"
      prop-types "15.x"
      rc-util "^4.0.4"
  
  rc-collapse@~1.11.1:
    version "1.11.3"
    resolved "https://npm.elitescloud.com/rc-collapse/-/rc-collapse-1.11.3.tgz#6f0c5ef65e66930c11fe9e7d2483a8a4c362f2d3"
    integrity sha1-bwxe9l5mkwwR/p59JIOopMNi8tM=
    dependencies:
      classnames "2.x"
      css-animation "1.x"
      prop-types "^15.5.6"
      rc-animate "2.x"
      react-is "^16.7.0"
      shallowequal "^1.1.0"
  
  rc-dialog@~7.4.0:
    version "7.4.0"
    resolved "https://npm.elitescloud.com/rc-dialog/-/rc-dialog-7.4.0.tgz#640551235b1f886c7f9a01ce75f87102a70ae1d4"
    integrity sha1-ZAVRI1sfiGx/mgHOdfhxAqcK4dQ=
    dependencies:
      babel-runtime "6.x"
      rc-animate "2.x"
      rc-util "^4.4.0"
  
  rc-drawer@~1.9.3:
    version "1.9.6"
    resolved "https://npm.elitescloud.com/rc-drawer/-/rc-drawer-1.9.6.tgz#d9c314e4bc8d8207bc2be44f80d7371f2356fe01"
    integrity sha1-2cMU5LyNgge8K+RPgNc3HyNW/gE=
    dependencies:
      babel-runtime "6.x"
      classnames "^2.2.5"
      prop-types "^15.5.0"
      rc-util "^4.5.1"
  
  rc-dropdown@~2.4.1:
    version "2.4.1"
    resolved "https://npm.elitescloud.com/rc-dropdown/-/rc-dropdown-2.4.1.tgz#aaef6eb3a5152cdd9982895c2a78d9b5f046cdec"
    integrity sha1-qu9us6UVLN2ZgolcKnjZtfBGzew=
    dependencies:
      babel-runtime "^6.26.0"
      classnames "^2.2.6"
      prop-types "^15.5.8"
      rc-trigger "^2.5.1"
      react-lifecycles-compat "^3.0.2"
  
  rc-editor-core@~0.8.3:
    version "0.8.9"
    resolved "https://npm.elitescloud.com/rc-editor-core/-/rc-editor-core-0.8.9.tgz#f611952c8eed965e3e348d84ae7be885daeb221c"
    integrity sha1-9hGVLI7tll4+NI2ErnvohdrrIhw=
    dependencies:
      babel-runtime "^6.26.0"
      classnames "^2.2.5"
      draft-js "^0.10.0"
      immutable "^3.7.4"
      lodash "^4.16.5"
      prop-types "^15.5.8"
      setimmediate "^1.0.5"
  
  rc-editor-mention@^1.1.7:
    version "1.1.13"
    resolved "https://npm.elitescloud.com/rc-editor-mention/-/rc-editor-mention-1.1.13.tgz#9f1cab1065f86b01523840321790c2ab12ac5e8b"
    integrity sha1-nxyrEGX4awFSOEAyF5DCqxKsXos=
    dependencies:
      babel-runtime "^6.23.0"
      classnames "^2.2.5"
      dom-scroll-into-view "^1.2.0"
      draft-js "~0.10.0"
      immutable "~3.7.4"
      prop-types "^15.5.8"
      rc-animate "^2.3.0"
      rc-editor-core "~0.8.3"
  
  rc-form@^2.4.0:
    version "2.4.5"
    resolved "https://npm.elitescloud.com/rc-form/-/rc-form-2.4.5.tgz#9aa8c844b6fea1da5a03ed5e4f8475bfd0fd6ab7"
    integrity sha1-mqjIRLb+odpaA+1eT4R1v9D9arc=
    dependencies:
      async-validator "~1.8.5"
      babel-runtime "6.x"
      create-react-class "^15.5.3"
      dom-scroll-into-view "1.x"
      hoist-non-react-statics "^3.3.0"
      lodash "^4.17.4"
      warning "^4.0.3"
  
  rc-hammerjs@~0.6.0:
    version "0.6.9"
    resolved "https://npm.elitescloud.com/rc-hammerjs/-/rc-hammerjs-0.6.9.tgz#9a4ddbda1b2ec8f9b9596091a6a989842a243907"
    integrity sha1-mk3b2hsuyPm5WWCRpqmJhCokOQc=
    dependencies:
      babel-runtime "6.x"
      hammerjs "^2.0.8"
      prop-types "^15.5.9"
  
  rc-input-number@~4.4.0:
    version "4.4.5"
    resolved "https://npm.elitescloud.com/rc-input-number/-/rc-input-number-4.4.5.tgz#81473d2885a6b312e486c4f2ba3f441c1ab88520"
    integrity sha1-gUc9KIWmsxLkhsTyuj9EHBq4hSA=
    dependencies:
      babel-runtime "6.x"
      classnames "^2.2.0"
      prop-types "^15.5.7"
      rc-util "^4.5.1"
      rmc-feedback "^2.0.0"
  
  rc-mentions@~0.3.1:
    version "0.3.1"
    resolved "https://npm.elitescloud.com/rc-mentions/-/rc-mentions-0.3.1.tgz#7c54f8fbd2e203c56ff4e0a0191ce4a2c9a88c86"
    integrity sha1-fFT4+9LiA8Vv9OCgGRzkosmojIY=
    dependencies:
      "@ant-design/create-react-context" "^0.2.4"
      babel-runtime "^6.23.0"
      classnames "^2.2.6"
      rc-menu "^7.4.22"
      rc-trigger "^2.6.2"
      rc-util "^4.6.0"
      react-lifecycles-compat "^3.0.4"
  
  rc-menu@^7.3.0, rc-menu@^7.4.22, rc-menu@~7.4.12:
    version "7.4.22"
    resolved "https://npm.elitescloud.com/rc-menu/-/rc-menu-7.4.22.tgz#3305517cc284ba8979a45a0d16271780adafb2ee"
    integrity sha1-MwVRfMKEuol5pFoNFicXgK2vsu4=
    dependencies:
      babel-runtime "6.x"
      classnames "2.x"
      dom-scroll-into-view "1.x"
      ismobilejs "^0.5.1"
      mini-store "^2.0.0"
      mutationobserver-shim "^0.3.2"
      prop-types "^15.5.6"
      rc-animate "2.x"
      rc-trigger "^2.3.0"
      rc-util "^4.1.0"
      resize-observer-polyfill "^1.5.0"
  
  rc-notification@~3.3.0:
    version "3.3.1"
    resolved "https://npm.elitescloud.com/rc-notification/-/rc-notification-3.3.1.tgz#0baa3e70f8d40ab015ce8fa78c260c490fc7beb4"
    integrity sha1-C6o+cPjUCrAVzo+njCYMSQ/HvrQ=
    dependencies:
      babel-runtime "6.x"
      classnames "2.x"
      prop-types "^15.5.8"
      rc-animate "2.x"
      rc-util "^4.0.4"
  
  rc-pagination@~1.20.1:
    version "1.20.1"
    resolved "https://npm.elitescloud.com/rc-pagination/-/rc-pagination-1.20.1.tgz#d53a0564282a79129588fbd2b74885d7d315f0bb"
    integrity sha1-1ToFZCgqeRKViPvSt0iF19MV8Ls=
    dependencies:
      babel-runtime "6.x"
      classnames "^2.2.6"
      prop-types "^15.5.7"
      react-lifecycles-compat "^3.0.4"
  
  rc-progress@~2.3.0:
    version "2.3.0"
    resolved "https://npm.elitescloud.com/rc-progress/-/rc-progress-2.3.0.tgz#cfbd07ff9026c450100980de209a92650e24f313"
    integrity sha1-z70H/5AmxFAQCYDeIJqSZQ4k8xM=
    dependencies:
      babel-runtime "6.x"
      prop-types "^15.5.8"
  
  rc-rate@~2.5.0:
    version "2.5.0"
    resolved "https://npm.elitescloud.com/rc-rate/-/rc-rate-2.5.0.tgz#72d4984a03d0a7a0e6779c7a79efcea27626abf6"
    integrity sha1-ctSYSgPQp6Dmd5x6ee/OonYmq/Y=
    dependencies:
      classnames "^2.2.5"
      prop-types "^15.5.8"
      rc-util "^4.3.0"
      react-lifecycles-compat "^3.0.4"
  
  rc-select@~9.1.0:
    version "9.1.3"
    resolved "https://npm.elitescloud.com/rc-select/-/rc-select-9.1.3.tgz#df310ec77fc0f99a754f8deae3858b2bf0fa35d8"
    integrity sha1-3zEOx3/A+Zp1T43q44WLK/D6Ndg=
    dependencies:
      babel-runtime "^6.23.0"
      classnames "2.x"
      component-classes "1.x"
      dom-scroll-into-view "1.x"
      prop-types "^15.5.8"
      raf "^3.4.0"
      rc-animate "2.x"
      rc-menu "^7.3.0"
      rc-trigger "^2.5.4"
      rc-util "^4.0.4"
      react-lifecycles-compat "^3.0.2"
      warning "^4.0.2"
  
  rc-slider@~8.6.5:
    version "8.6.11"
    resolved "https://npm.elitescloud.com/rc-slider/-/rc-slider-8.6.11.tgz#f85620dedd97035e3670ed9a9fc6950683877ec5"
    integrity sha1-+FYg3t2XA142cO2an8aVBoOHfsU=
    dependencies:
      babel-runtime "6.x"
      classnames "^2.2.5"
      prop-types "^15.5.4"
      rc-tooltip "^3.7.0"
      rc-util "^4.0.4"
      shallowequal "^1.0.1"
      warning "^4.0.3"
  
  rc-steps@~3.4.1:
    version "3.4.1"
    resolved "https://npm.elitescloud.com/rc-steps/-/rc-steps-3.4.1.tgz#7f7d127dd60f9fa92ece27c06035c9319c5cab8e"
    integrity sha1-f30SfdYPn6kuzifAYDXJMZxcq44=
    dependencies:
      babel-runtime "^6.23.0"
      classnames "^2.2.3"
      lodash "^4.17.5"
      prop-types "^15.5.7"
  
  rc-switch@~1.9.0:
    version "1.9.0"
    resolved "https://npm.elitescloud.com/rc-switch/-/rc-switch-1.9.0.tgz#ab2b878f2713c681358a453391976c9b95b290f7"
    integrity sha1-qyuHjycTxoE1ikUzkZdsm5WykPc=
    dependencies:
      classnames "^2.2.1"
      prop-types "^15.5.6"
      react-lifecycles-compat "^3.0.4"
  
  rc-table@~6.5.0:
    version "6.5.1"
    resolved "https://npm.elitescloud.com/rc-table/-/rc-table-6.5.1.tgz#b05ef79127e24b353083f8399dedaa9cbfbd16a2"
    integrity sha1-sF73kSfiSzUwg/g5ne2qnL+9FqI=
    dependencies:
      babel-runtime "6.x"
      classnames "^2.2.5"
      component-classes "^1.2.6"
      lodash "^4.17.5"
      mini-store "^2.0.0"
      prop-types "^15.5.8"
      rc-util "^4.0.4"
      react-lifecycles-compat "^3.0.2"
      shallowequal "^1.0.2"
      warning "^3.0.0"
  
  rc-tabs@~9.6.0:
    version "9.6.4"
    resolved "https://npm.elitescloud.com/rc-tabs/-/rc-tabs-9.6.4.tgz#8910f79f0dbfbcb794a3ff879642311fc7c3eff0"
    integrity sha1-iRD3nw2/vLeUo/+HlkIxH8fD7/A=
    dependencies:
      babel-runtime "6.x"
      classnames "2.x"
      create-react-context "0.2.2"
      lodash "^4.17.5"
      prop-types "15.x"
      raf "^3.4.1"
      rc-hammerjs "~0.6.0"
      rc-util "^4.0.4"
      resize-observer-polyfill "^1.5.1"
      warning "^3.0.0"
  
  rc-time-picker@~3.6.1:
    version "3.6.6"
    resolved "https://npm.elitescloud.com/rc-time-picker/-/rc-time-picker-3.6.6.tgz#343390ad1a3a06b49848c266d8311b3c572ca0d1"
    integrity sha1-NDOQrRo6BrSYSMJm2DEbPFcsoNE=
    dependencies:
      classnames "2.x"
      moment "2.x"
      prop-types "^15.5.8"
      raf "^3.4.1"
      rc-trigger "^2.2.0"
  
  rc-tooltip@^3.7.0, rc-tooltip@~3.7.3:
    version "3.7.3"
    resolved "https://npm.elitescloud.com/rc-tooltip/-/rc-tooltip-3.7.3.tgz#280aec6afcaa44e8dff0480fbaff9e87fc00aecc"
    integrity sha1-KArsavyqROjf8EgPuv+eh/wArsw=
    dependencies:
      babel-runtime "6.x"
      prop-types "^15.5.8"
      rc-trigger "^2.2.2"
  
  rc-tree-select@~2.9.1:
    version "2.9.1"
    resolved "https://npm.elitescloud.com/rc-tree-select/-/rc-tree-select-2.9.1.tgz#d076b8ce5bf432df3fdd8a6a01cdd9c93c8e7399"
    integrity sha1-0Ha4zlv0Mt8/3YpqAc3ZyTyOc5k=
    dependencies:
      classnames "^2.2.1"
      dom-scroll-into-view "^1.2.1"
      prop-types "^15.5.8"
      raf "^3.4.0"
      rc-animate "^2.8.2"
      rc-tree "~2.0.0"
      rc-trigger "^3.0.0-rc.2"
      rc-util "^4.5.0"
      react-lifecycles-compat "^3.0.4"
      shallowequal "^1.0.2"
      warning "^4.0.1"
  
  rc-tree@~2.0.0:
    version "2.0.0"
    resolved "https://npm.elitescloud.com/rc-tree/-/rc-tree-2.0.0.tgz#68fc4c9ab696943b279a143619e2ecf05918fb53"
    integrity sha1-aPxMmraWlDsnmhQ2GeLs8FkY+1M=
    dependencies:
      babel-runtime "^6.23.0"
      classnames "2.x"
      prop-types "^15.5.8"
      rc-animate "^2.6.0"
      rc-util "^4.5.1"
      react-lifecycles-compat "^3.0.4"
      warning "^3.0.0"
  
  rc-tree@~2.1.0:
    version "2.1.0"
    resolved "https://npm.elitescloud.com/rc-tree/-/rc-tree-2.1.0.tgz#ea43c246cf9038fa16be5d08a08c73a38aa6aa61"
    integrity sha1-6kPCRs+QOPoWvl0IoIxzo4qmqmE=
    dependencies:
      babel-runtime "^6.23.0"
      classnames "2.x"
      prop-types "^15.5.8"
      rc-animate "^2.6.0"
      rc-util "^4.5.1"
      react-lifecycles-compat "^3.0.4"
      warning "^4.0.3"
  
  rc-trigger@^2.2.0, rc-trigger@^2.2.2, rc-trigger@^2.3.0, rc-trigger@^2.5.1, rc-trigger@^2.5.4, rc-trigger@^2.6.2:
    version "2.6.2"
    resolved "https://npm.elitescloud.com/rc-trigger/-/rc-trigger-2.6.2.tgz#a9c09ba5fad63af3b2ec46349c7db6cb46657001"
    integrity sha1-qcCbpfrWOvOy7EY0nH22y0ZlcAE=
    dependencies:
      babel-runtime "6.x"
      classnames "^2.2.6"
      prop-types "15.x"
      rc-align "^2.4.0"
      rc-animate "2.x"
      rc-util "^4.4.0"
  
  rc-trigger@^3.0.0-rc.2:
    version "3.0.0-rc.3"
    resolved "https://npm.elitescloud.com/rc-trigger/-/rc-trigger-3.0.0-rc.3.tgz#35842df1674d25315e1426a44882a4c97652258b"
    integrity sha1-NYQt8WdNJTFeFCakSIKkyXZSJYs=
    dependencies:
      babel-runtime "6.x"
      classnames "^2.2.6"
      prop-types "15.x"
      raf "^3.4.0"
      rc-align "^2.4.1"
      rc-animate "^3.0.0-rc.1"
      rc-util "^4.4.0"
  
  rc-upload@~2.6.0:
    version "2.6.7"
    resolved "https://npm.elitescloud.com/rc-upload/-/rc-upload-2.6.7.tgz#835d8dceae2c7bdfb7c81211d6ddf02348097146"
    integrity sha1-g12Nzq4se9+3yBIR1t3wI0gJcUY=
    dependencies:
      babel-runtime "6.x"
      classnames "^2.2.5"
      prop-types "^15.5.7"
      warning "4.x"
  
  rc-util@^4.0.4, rc-util@^4.1.0, rc-util@^4.1.1, rc-util@^4.3.0, rc-util@^4.4.0, rc-util@^4.5.0, rc-util@^4.5.1, rc-util@^4.6.0:
    version "4.6.0"
    resolved "https://npm.elitescloud.com/rc-util/-/rc-util-4.6.0.tgz#ba33721783192ec4f3afb259e182b04e55deb7f6"
    integrity sha1-ujNyF4MZLsTzr7JZ4YKwTlXet/Y=
    dependencies:
      add-dom-event-listener "^1.1.0"
      babel-runtime "6.x"
      prop-types "^15.5.10"
      shallowequal "^0.2.2"
  
  react-dom@^16.8.6:
    version "16.8.6"
    resolved "https://npm.elitescloud.com/react-dom/-/react-dom-16.8.6.tgz#71d6303f631e8b0097f56165ef608f051ff6e10f"
    integrity sha1-cdYwP2MeiwCX9WFl72CPBR/24Q8=
    dependencies:
      loose-envify "^1.1.0"
      object-assign "^4.1.1"
      prop-types "^15.6.2"
      scheduler "^0.13.6"
  
  react-is@^16.7.0, react-is@^16.8.1:
    version "16.8.6"
    resolved "https://npm.elitescloud.com/react-is/-/react-is-16.8.6.tgz#5bbc1e2d29141c9fbdfed456343fe2bc430a6a16"
    integrity sha1-W7weLSkUHJ+9/tRWND/ivEMKahY=
  
  react-lazy-load@^3.0.13:
    version "3.0.13"
    resolved "https://npm.elitescloud.com/react-lazy-load/-/react-lazy-load-3.0.13.tgz#3b0a92d336d43d3f0d73cbe6f35b17050b08b824"
    integrity sha1-OwqS0zbUPT8Nc8vm81sXBQsIuCQ=
    dependencies:
      eventlistener "0.0.1"
      lodash.debounce "^4.0.0"
      lodash.throttle "^4.0.0"
      prop-types "^15.5.8"
  
  react-lifecycles-compat@^3.0.2, react-lifecycles-compat@^3.0.4:
    version "3.0.4"
    resolved "https://npm.elitescloud.com/react-lifecycles-compat/-/react-lifecycles-compat-3.0.4.tgz#4f1a273afdfc8f3488a8c516bfda78f872352362"
    integrity sha1-TxonOv38jzSIqMUWv9p4+HI1I2I=
  
  react-slick@~0.24.0:
    version "0.24.0"
    resolved "https://npm.elitescloud.com/react-slick/-/react-slick-0.24.0.tgz#1a4e078a82de4e9458255d9ce26aa6f3b17b168b"
    integrity sha1-Gk4HioLeTpRYJV2c4mqm87F7Fos=
    dependencies:
      classnames "^2.2.5"
      enquire.js "^2.1.6"
      json2mq "^0.2.0"
      lodash.debounce "^4.0.8"
      resize-observer-polyfill "^1.5.0"
  
  react@^16.8.6:
    version "16.8.6"
    resolved "https://npm.elitescloud.com/react/-/react-16.8.6.tgz#ad6c3a9614fd3a4e9ef51117f54d888da01f2bbe"
    integrity sha1-rWw6lhT9Ok6e9REX9U2IjaAfK74=
    dependencies:
      loose-envify "^1.1.0"
      object-assign "^4.1.1"
      prop-types "^15.6.2"
      scheduler "^0.13.6"
  
  regenerator-runtime@^0.11.0:
    version "0.11.1"
    resolved "https://npm.elitescloud.com/regenerator-runtime/-/regenerator-runtime-0.11.1.tgz#be05ad7f9bf7d22e056f9726cee5017fbf19e2e9"
    integrity sha1-vgWtf5v30i4Fb5cmzuUBf78Z4uk=
  
  resize-observer-polyfill@^1.5.0, resize-observer-polyfill@^1.5.1:
    version "1.5.1"
    resolved "https://npm.elitescloud.com/resize-observer-polyfill/-/resize-observer-polyfill-1.5.1.tgz#0e9020dd3d21024458d4ebd27e23e40269810464"
    integrity sha1-DpAg3T0hAkRY1OvSfiPkAmmBBGQ=
  
  rmc-feedback@^2.0.0:
    version "2.0.0"
    resolved "https://npm.elitescloud.com/rmc-feedback/-/rmc-feedback-2.0.0.tgz#cbc6cb3ae63c7a635eef0e25e4fbaf5ac366eeaa"
    integrity sha1-y8bLOuY8emNe7w4l5PuvWsNm7qo=
    dependencies:
      babel-runtime "6.x"
      classnames "^2.2.5"
  
  "safer-buffer@>= 2.1.2 < 3":
    version "2.1.2"
    resolved "https://npm.elitescloud.com/safer-buffer/-/safer-buffer-2.1.2.tgz#44fa161b0187b9549dd84bb91802f9bd8385cd6a"
    integrity sha1-RPoWGwGHuVSd2Eu5GAL5vYOFzWo=
  
  scheduler@^0.13.6:
    version "0.13.6"
    resolved "https://npm.elitescloud.com/scheduler/-/scheduler-0.13.6.tgz#466a4ec332467b31a91b9bf74e5347072e4cd889"
    integrity sha1-RmpOwzJGezGpG5v3TlNHBy5M2Ik=
    dependencies:
      loose-envify "^1.1.0"
      object-assign "^4.1.1"
  
  setimmediate@^1.0.5:
    version "1.0.5"
    resolved "https://npm.elitescloud.com/setimmediate/-/setimmediate-1.0.5.tgz#290cbb232e306942d7d7ea9b83732ab7856f8285"
    integrity sha1-KQy7Iy4waULX1+qbg3Mqt4VvgoU=
  
  shallow-equal@^1.0.0:
    version "1.1.0"
    resolved "https://npm.elitescloud.com/shallow-equal/-/shallow-equal-1.1.0.tgz#cc022f030dcba0d1c198abf658a3c6c744e171ca"
    integrity sha1-zAIvAw3LoNHBmKv2WKPGx0Thcco=
  
  shallowequal@^0.2.2:
    version "0.2.2"
    resolved "https://npm.elitescloud.com/shallowequal/-/shallowequal-0.2.2.tgz#1e32fd5bcab6ad688a4812cb0cc04efc75c7014e"
    integrity sha1-HjL9W8q2rWiKSBLLDMBO/HXHAU4=
    dependencies:
      lodash.keys "^3.1.2"
  
  shallowequal@^1.0.1, shallowequal@^1.0.2, shallowequal@^1.1.0:
    version "1.1.0"
    resolved "https://npm.elitescloud.com/shallowequal/-/shallowequal-1.1.0.tgz#188d521de95b9087404fd4dcb68b13df0ae4e7f8"
    integrity sha1-GI1SHelbkIdAT9TctosT3wrk5/g=
  
  string-convert@^0.2.0:
    version "0.2.1"
    resolved "https://npm.elitescloud.com/string-convert/-/string-convert-0.2.1.tgz#6982cc3049fbb4cd85f8b24568b9d9bf39eeff97"
    integrity sha1-aYLMMEn7tM2F+LJFaLnZvznu/5c=
  
  tinycolor2@^1.4.1:
    version "1.4.1"
    resolved "https://npm.elitescloud.com/tinycolor2/-/tinycolor2-1.4.1.tgz#f4fad333447bc0b07d4dc8e9209d8f39a8ac77e8"
    integrity sha1-9PrTM0R7wLB9TcjpIJ2POaisd+g=
  
  toggle-selection@^1.0.6:
    version "1.0.6"
    resolved "https://npm.elitescloud.com/toggle-selection/-/toggle-selection-1.0.6.tgz#6e45b1263f2017fa0acc7d89d78b15b8bf77da32"
    integrity sha1-bkWxJj8gF/oKzH2J14sVuL932jI=
  
  ua-parser-js@^0.7.18:
    version "0.7.19"
    resolved "https://npm.elitescloud.com/ua-parser-js/-/ua-parser-js-0.7.19.tgz#94151be4c0a7fb1d001af7022fdaca4642659e4b"
    integrity sha1-lBUb5MCn+x0AGvcCL9rKRkJlnks=
  
  warning@4.x, warning@^4.0.1, warning@^4.0.2, warning@^4.0.3, warning@~4.0.2:
    version "4.0.3"
    resolved "https://npm.elitescloud.com/warning/-/warning-4.0.3.tgz#16e9e077eb8a86d6af7d64aa1e05fd85b4678ca3"
    integrity sha1-Fungd+uKhtavfWSqHgX9hbRnjKM=
    dependencies:
      loose-envify "^1.0.0"
  
  warning@^3.0.0:
    version "3.0.0"
    resolved "https://npm.elitescloud.com/warning/-/warning-3.0.0.tgz#32e5377cb572de4ab04753bdf8821c01ed605b7c"
    integrity sha1-MuU3fLVy3kqwR1O9+IIcAe1gW3w=
    dependencies:
      loose-envify "^1.0.0"
  
  whatwg-fetch@>=0.10.0:
    version "3.0.0"
    resolved "https://npm.elitescloud.com/whatwg-fetch/-/whatwg-fetch-3.0.0.tgz#fc804e458cc460009b1a2b966bc8817d2578aefb"
    integrity sha1-/IBORYzEYACbGiuWa8iBfSV4rvs=
